# JRE version: OpenJDK Runtime Environment Temurin-17.0.13+11 (17.0.13+11) (build 17.0.13+11)
# Java VM: OpenJDK 64-Bit Server VM Temurin-17.0.13+11 (17.0.13+11, mixed mode, tiered, compressed oops, compressed class ptrs, parallel gc, windows-amd64)
GC Precious Log:
 CPUs: 8 total, 8 available
 Memory: 7812M
 Large Page Support: Disabled
 NUMA Support: Disabled
 Compressed Oops: Enabled (32-bit)
 Alignments: Space 512K, Generation 512K, Heap 2M
 Heap Min Capacity: 100M
 Heap Initial Capacity: 100M
 Heap Max Capacity: 1G
 Pre-touch: Disabled
 Parallel Workers: 8
Heap:
 PSYoungGen      total 7168K, used 6695K [0x00000000eab00000, 0x00000000eb880000, 0x0000000100000000)
  eden space 3072K, 91% used [0x00000000eab00000,0x00000000eadbd9d0,0x00000000eae00000)
  from space 4096K, 94% used [0x00000000eae00000,0x00000000eb1cc2e0,0x00000000eb200000)
  to   space 5120K, 0% used [0x00000000eb380000,0x00000000eb380000,0x00000000eb880000)
 ParOldGen       total 312832K, used 293890K [0x00000000c0000000, 0x00000000d3180000, 0x00000000eab00000)
  object space 312832K, 93% used [0x00000000c0000000,0x00000000d1f00b40,0x00000000d3180000)
 Metaspace       used 67043K, committed 68160K, reserved 1114112K
  class space    used 7191K, committed 7680K, reserved 1048576K
GC Heap History (20 events):
Event: 73.756 GC heap before
{Heap before GC invocations=441 (full 13):
 PSYoungGen      total 5120K, used 5106K [0x00000000eab00000, 0x00000000eb480000, 0x0000000100000000)
  eden space 2048K, 100% used [0x00000000eab00000,0x00000000ead00000,0x00000000ead00000)
  from space 3072K, 99% used [0x00000000ead00000,0x00000000eaffc828,0x00000000eb000000)
  to   space 3584K, 0% used [0x00000000eb100000,0x00000000eb100000,0x00000000eb480000)
 ParOldGen       total 312832K, used 281593K [0x00000000c0000000, 0x00000000d3180000, 0x00000000eab00000)
  object space 312832K, 90% used [0x00000000c0000000,0x00000000d12fe5e0,0x00000000d3180000)
 Metaspace       used 67022K, committed 68096K, reserved 1114112K
  class space    used 7191K, committed 7680K, reserved 1048576K
}
Event: 73.761 GC heap after
{Heap after GC invocations=441 (full 13):
 PSYoungGen      total 5632K, used 2779K [0x00000000eab00000, 0x00000000eb400000, 0x0000000100000000)
  eden space 2560K, 0% used [0x00000000eab00000,0x00000000eab00000,0x00000000ead80000)
  from space 3072K, 90% used [0x00000000eb100000,0x00000000eb3b6e90,0x00000000eb400000)
  to   space 3072K, 0% used [0x00000000eae00000,0x00000000eae00000,0x00000000eb100000)
 ParOldGen       total 312832K, used 282670K [0x00000000c0000000, 0x00000000d3180000, 0x00000000eab00000)
  object space 312832K, 90% used [0x00000000c0000000,0x00000000d140ba48,0x00000000d3180000)
 Metaspace       used 67022K, committed 68096K, reserved 1114112K
  class space    used 7191K, committed 7680K, reserved 1048576K
}
Event: 73.885 GC heap before
{Heap before GC invocations=442 (full 13):
 PSYoungGen      total 5632K, used 5314K [0x00000000eab00000, 0x00000000eb400000, 0x0000000100000000)
  eden space 2560K, 98% used [0x00000000eab00000,0x00000000ead79998,0x00000000ead80000)
  from space 3072K, 90% used [0x00000000eb100000,0x00000000eb3b6e90,0x00000000eb400000)
  to   space 3072K, 0% used [0x00000000eae00000,0x00000000eae00000,0x00000000eb100000)
 ParOldGen       total 312832K, used 282670K [0x00000000c0000000, 0x00000000d3180000, 0x00000000eab00000)
  object space 312832K, 90% used [0x00000000c0000000,0x00000000d140ba48,0x00000000d3180000)
 Metaspace       used 67022K, committed 68096K, reserved 1114112K
  class space    used 7191K, committed 7680K, reserved 1048576K
}
Event: 73.889 GC heap after
{Heap after GC invocations=442 (full 13):
 PSYoungGen      total 6144K, used 3057K [0x00000000eab00000, 0x00000000eb600000, 0x0000000100000000)
  eden space 3072K, 0% used [0x00000000eab00000,0x00000000eab00000,0x00000000eae00000)
  from space 3072K, 99% used [0x00000000eae00000,0x00000000eb0fc780,0x00000000eb100000)
  to   space 4096K, 0% used [0x00000000eb200000,0x00000000eb200000,0x00000000eb600000)
 ParOldGen       total 312832K, used 283261K [0x00000000c0000000, 0x00000000d3180000, 0x00000000eab00000)
  object space 312832K, 90% used [0x00000000c0000000,0x00000000d149f538,0x00000000d3180000)
 Metaspace       used 67022K, committed 68096K, reserved 1114112K
  class space    used 7191K, committed 7680K, reserved 1048576K
}
Event: 73.956 GC heap before
{Heap before GC invocations=443 (full 13):
 PSYoungGen      total 6144K, used 6098K [0x00000000eab00000, 0x00000000eb600000, 0x0000000100000000)
  eden space 3072K, 98% used [0x00000000eab00000,0x00000000eadf8448,0x00000000eae00000)
  from space 3072K, 99% used [0x00000000eae00000,0x00000000eb0fc780,0x00000000eb100000)
  to   space 4096K, 0% used [0x00000000eb200000,0x00000000eb200000,0x00000000eb600000)
 ParOldGen       total 312832K, used 283261K [0x00000000c0000000, 0x00000000d3180000, 0x00000000eab00000)
  object space 312832K, 90% used [0x00000000c0000000,0x00000000d149f538,0x00000000d3180000)
 Metaspace       used 67023K, committed 68096K, reserved 1114112K
  class space    used 7191K, committed 7680K, reserved 1048576K
}
Event: 73.960 GC heap after
{Heap after GC invocations=443 (full 13):
 PSYoungGen      total 7168K, used 3274K [0x00000000eab00000, 0x00000000eb580000, 0x0000000100000000)
  eden space 3584K, 0% used [0x00000000eab00000,0x00000000eab00000,0x00000000eae80000)
  from space 3584K, 91% used [0x00000000eb200000,0x00000000eb532b30,0x00000000eb580000)
  to   space 3584K, 0% used [0x00000000eae80000,0x00000000eae80000,0x00000000eb200000)
 ParOldGen       total 312832K, used 284132K [0x00000000c0000000, 0x00000000d3180000, 0x00000000eab00000)
  object space 312832K, 90% used [0x00000000c0000000,0x00000000d1579318,0x00000000d3180000)
 Metaspace       used 67023K, committed 68096K, reserved 1114112K
  class space    used 7191K, committed 7680K, reserved 1048576K
}
Event: 74.000 GC heap before
{Heap before GC invocations=444 (full 13):
 PSYoungGen      total 7168K, used 6858K [0x00000000eab00000, 0x00000000eb580000, 0x0000000100000000)
  eden space 3584K, 100% used [0x00000000eab00000,0x00000000eae80000,0x00000000eae80000)
  from space 3584K, 91% used [0x00000000eb200000,0x00000000eb532b30,0x00000000eb580000)
  to   space 3584K, 0% used [0x00000000eae80000,0x00000000eae80000,0x00000000eb200000)
 ParOldGen       total 312832K, used 284132K [0x00000000c0000000, 0x00000000d3180000, 0x00000000eab00000)
  object space 312832K, 90% used [0x00000000c0000000,0x00000000d1579318,0x00000000d3180000)
 Metaspace       used 67023K, committed 68096K, reserved 1114112K
  class space    used 7191K, committed 7680K, reserved 1048576K
}
Event: 74.004 GC heap after
{Heap after GC invocations=444 (full 13):
 PSYoungGen      total 7168K, used 3563K [0x00000000eab00000, 0x00000000eb900000, 0x0000000100000000)
  eden space 3584K, 0% used [0x00000000eab00000,0x00000000eab00000,0x00000000eae80000)
  from space 3584K, 99% used [0x00000000eae80000,0x00000000eb1faf98,0x00000000eb200000)
  to   space 5120K, 0% used [0x00000000eb400000,0x00000000eb400000,0x00000000eb900000)
 ParOldGen       total 312832K, used 285116K [0x00000000c0000000, 0x00000000d3180000, 0x00000000eab00000)
  object space 312832K, 91% used [0x00000000c0000000,0x00000000d166f0f8,0x00000000d3180000)
 Metaspace       used 67023K, committed 68096K, reserved 1114112K
  class space    used 7191K, committed 7680K, reserved 1048576K
}
Event: 74.042 GC heap before
{Heap before GC invocations=445 (full 13):
 PSYoungGen      total 7168K, used 7137K [0x00000000eab00000, 0x00000000eb900000, 0x0000000100000000)
  eden space 3584K, 99% used [0x00000000eab00000,0x00000000eae7d750,0x00000000eae80000)
  from space 3584K, 99% used [0x00000000eae80000,0x00000000eb1faf98,0x00000000eb200000)
  to   space 5120K, 0% used [0x00000000eb400000,0x00000000eb400000,0x00000000eb900000)
 ParOldGen       total 312832K, used 285116K [0x00000000c0000000, 0x00000000d3180000, 0x00000000eab00000)
  object space 312832K, 91% used [0x00000000c0000000,0x00000000d166f0f8,0x00000000d3180000)
 Metaspace       used 67023K, committed 68096K, reserved 1114112K
  class space    used 7191K, committed 7680K, reserved 1048576K
}
Event: 74.046 GC heap after
{Heap after GC invocations=445 (full 13):
 PSYoungGen      total 8704K, used 4157K [0x00000000eab00000, 0x00000000eb880000, 0x0000000100000000)
  eden space 4096K, 0% used [0x00000000eab00000,0x00000000eab00000,0x00000000eaf00000)
  from space 4608K, 90% used [0x00000000eb400000,0x00000000eb80f740,0x00000000eb880000)
  to   space 4608K, 0% used [0x00000000eaf80000,0x00000000eaf80000,0x00000000eb400000)
 ParOldGen       total 312832K, used 286059K [0x00000000c0000000, 0x00000000d3180000, 0x00000000eab00000)
  object space 312832K, 91% used [0x00000000c0000000,0x00000000d175aca8,0x00000000d3180000)
 Metaspace       used 67023K, committed 68096K, reserved 1114112K
  class space    used 7191K, committed 7680K, reserved 1048576K
}
Event: 74.068 GC heap before
{Heap before GC invocations=446 (full 13):
 PSYoungGen      total 8704K, used 8230K [0x00000000eab00000, 0x00000000eb880000, 0x0000000100000000)
  eden space 4096K, 99% used [0x00000000eab00000,0x00000000eaefa3c0,0x00000000eaf00000)
  from space 4608K, 90% used [0x00000000eb400000,0x00000000eb80f740,0x00000000eb880000)
  to   space 4608K, 0% used [0x00000000eaf80000,0x00000000eaf80000,0x00000000eb400000)
 ParOldGen       total 312832K, used 286059K [0x00000000c0000000, 0x00000000d3180000, 0x00000000eab00000)
  object space 312832K, 91% used [0x00000000c0000000,0x00000000d175aca8,0x00000000d3180000)
 Metaspace       used 67023K, committed 68096K, reserved 1114112K
  class space    used 7191K, committed 7680K, reserved 1048576K
}
Event: 74.072 GC heap after
{Heap after GC invocations=446 (full 13):
 PSYoungGen      total 8704K, used 4600K [0x00000000eab00000, 0x00000000eb880000, 0x0000000100000000)
  eden space 4096K, 0% used [0x00000000eab00000,0x00000000eab00000,0x00000000eaf00000)
  from space 4608K, 99% used [0x00000000eaf80000,0x00000000eb3fe018,0x00000000eb400000)
  to   space 4608K, 0% used [0x00000000eb400000,0x00000000eb400000,0x00000000eb880000)
 ParOldGen       total 312832K, used 287077K [0x00000000c0000000, 0x00000000d3180000, 0x00000000eab00000)
  object space 312832K, 91% used [0x00000000c0000000,0x00000000d18597d8,0x00000000d3180000)
 Metaspace       used 67023K, committed 68096K, reserved 1114112K
  class space    used 7191K, committed 7680K, reserved 1048576K
}
Event: 74.117 GC heap before
{Heap before GC invocations=447 (full 13):
 PSYoungGen      total 8704K, used 8696K [0x00000000eab00000, 0x00000000eb880000, 0x0000000100000000)
  eden space 4096K, 100% used [0x00000000eab00000,0x00000000eaf00000,0x00000000eaf00000)
  from space 4608K, 99% used [0x00000000eaf80000,0x00000000eb3fe018,0x00000000eb400000)
  to   space 4608K, 0% used [0x00000000eb400000,0x00000000eb400000,0x00000000eb880000)
 ParOldGen       total 312832K, used 287077K [0x00000000c0000000, 0x00000000d3180000, 0x00000000eab00000)
  object space 312832K, 91% used [0x00000000c0000000,0x00000000d18597d8,0x00000000d3180000)
 Metaspace       used 67024K, committed 68096K, reserved 1114112K
  class space    used 7191K, committed 7680K, reserved 1048576K
}
Event: 74.121 GC heap after
{Heap after GC invocations=447 (full 13):
 PSYoungGen      total 8704K, used 4600K [0x00000000eab00000, 0x00000000eb880000, 0x0000000100000000)
  eden space 4096K, 0% used [0x00000000eab00000,0x00000000eab00000,0x00000000eaf00000)
  from space 4608K, 99% used [0x00000000eb400000,0x00000000eb87e258,0x00000000eb880000)
  to   space 4608K, 0% used [0x00000000eaf80000,0x00000000eaf80000,0x00000000eb400000)
 ParOldGen       total 312832K, used 288682K [0x00000000c0000000, 0x00000000d3180000, 0x00000000eab00000)
  object space 312832K, 92% used [0x00000000c0000000,0x00000000d19eaa00,0x00000000d3180000)
 Metaspace       used 67024K, committed 68096K, reserved 1114112K
  class space    used 7191K, committed 7680K, reserved 1048576K
}
Event: 74.198 GC heap before
{Heap before GC invocations=448 (full 13):
 PSYoungGen      total 8704K, used 8696K [0x00000000eab00000, 0x00000000eb880000, 0x0000000100000000)
  eden space 4096K, 100% used [0x00000000eab00000,0x00000000eaf00000,0x00000000eaf00000)
  from space 4608K, 99% used [0x00000000eb400000,0x00000000eb87e258,0x00000000eb880000)
  to   space 4608K, 0% used [0x00000000eaf80000,0x00000000eaf80000,0x00000000eb400000)
 ParOldGen       total 312832K, used 288682K [0x00000000c0000000, 0x00000000d3180000, 0x00000000eab00000)
  object space 312832K, 92% used [0x00000000c0000000,0x00000000d19eaa00,0x00000000d3180000)
 Metaspace       used 67024K, committed 68096K, reserved 1114112K
  class space    used 7191K, committed 7680K, reserved 1048576K
}
Event: 74.204 GC heap after
{Heap after GC invocations=448 (full 13):
 PSYoungGen      total 9216K, used 4468K [0x00000000eab00000, 0x00000000eb980000, 0x0000000100000000)
  eden space 4608K, 0% used [0x00000000eab00000,0x00000000eab00000,0x00000000eaf80000)
  from space 4608K, 96% used [0x00000000eaf80000,0x00000000eb3dd280,0x00000000eb400000)
  to   space 5120K, 0% used [0x00000000eb480000,0x00000000eb480000,0x00000000eb980000)
 ParOldGen       total 312832K, used 290540K [0x00000000c0000000, 0x00000000d3180000, 0x00000000eab00000)
  object space 312832K, 92% used [0x00000000c0000000,0x00000000d1bbb2e0,0x00000000d3180000)
 Metaspace       used 67024K, committed 68096K, reserved 1114112K
  class space    used 7191K, committed 7680K, reserved 1048576K
}
Event: 74.228 GC heap before
{Heap before GC invocations=449 (full 13):
 PSYoungGen      total 9216K, used 9007K [0x00000000eab00000, 0x00000000eb980000, 0x0000000100000000)
  eden space 4608K, 98% used [0x00000000eab00000,0x00000000eaf6ec40,0x00000000eaf80000)
  from space 4608K, 96% used [0x00000000eaf80000,0x00000000eb3dd280,0x00000000eb400000)
  to   space 5120K, 0% used [0x00000000eb480000,0x00000000eb480000,0x00000000eb980000)
 ParOldGen       total 312832K, used 290540K [0x00000000c0000000, 0x00000000d3180000, 0x00000000eab00000)
  object space 312832K, 92% used [0x00000000c0000000,0x00000000d1bbb2e0,0x00000000d3180000)
 Metaspace       used 67026K, committed 68096K, reserved 1114112K
  class space    used 7191K, committed 7680K, reserved 1048576K
}
Event: 74.232 GC heap after
{Heap after GC invocations=449 (full 13):
 PSYoungGen      total 8192K, used 5116K [0x00000000eab00000, 0x00000000ebd00000, 0x0000000100000000)
  eden space 3072K, 0% used [0x00000000eab00000,0x00000000eab00000,0x00000000eae00000)
  from space 5120K, 99% used [0x00000000eb480000,0x00000000eb97f250,0x00000000eb980000)
  to   space 6656K, 0% used [0x00000000eae00000,0x00000000eae00000,0x00000000eb480000)
 ParOldGen       total 312832K, used 291570K [0x00000000c0000000, 0x00000000d3180000, 0x00000000eab00000)
  object space 312832K, 93% used [0x00000000c0000000,0x00000000d1cbc850,0x00000000d3180000)
 Metaspace       used 67026K, committed 68096K, reserved 1114112K
  class space    used 7191K, committed 7680K, reserved 1048576K
}
Event: 74.483 GC heap before
{Heap before GC invocations=450 (full 13):
 PSYoungGen      total 8192K, used 8184K [0x00000000eab00000, 0x00000000ebd00000, 0x0000000100000000)
  eden space 3072K, 99% used [0x00000000eab00000,0x00000000eadff120,0x00000000eae00000)
  from space 5120K, 99% used [0x00000000eb480000,0x00000000eb97f250,0x00000000eb980000)
  to   space 6656K, 0% used [0x00000000eae00000,0x00000000eae00000,0x00000000eb480000)
 ParOldGen       total 312832K, used 291570K [0x00000000c0000000, 0x00000000d3180000, 0x00000000eab00000)
  object space 312832K, 93% used [0x00000000c0000000,0x00000000d1cbc850,0x00000000d3180000)
 Metaspace       used 67032K, committed 68160K, reserved 1114112K
  class space    used 7191K, committed 7680K, reserved 1048576K
}
Event: 74.488 GC heap after
{Heap after GC invocations=450 (full 13):
 PSYoungGen      total 7168K, used 3888K [0x00000000eab00000, 0x00000000eb880000, 0x0000000100000000)
  eden space 3072K, 0% used [0x00000000eab00000,0x00000000eab00000,0x00000000eae00000)
  from space 4096K, 94% used [0x00000000eae00000,0x00000000eb1cc2e0,0x00000000eb200000)
  to   space 5120K, 0% used [0x00000000eb380000,0x00000000eb380000,0x00000000eb880000)
 ParOldGen       total 312832K, used 293890K [0x00000000c0000000, 0x00000000d3180000, 0x00000000eab00000)
  object space 312832K, 93% used [0x00000000c0000000,0x00000000d1f00b40,0x00000000d3180000)
 Metaspace       used 67032K, committed 68160K, reserved 1114112K
  class space    used 7191K, committed 7680K, reserved 1048576K
}

