# JRE version: OpenJDK Runtime Environment Temurin-17.0.13+11 (17.0.13+11) (build 17.0.13+11)
# Java VM: OpenJDK 64-Bit Server VM Temurin-17.0.13+11 (17.0.13+11, mixed mode, tiered, compressed oops, compressed class ptrs, parallel gc, windows-amd64)
GC Precious Log:
 CPUs: 8 total, 8 available
 Memory: 7812M
 Large Page Support: Disabled
 NUMA Support: Disabled
 Compressed Oops: Enabled (32-bit)
 Alignments: Space 512K, Generation 512K, Heap 2M
 Heap Min Capacity: 100M
 Heap Initial Capacity: 100M
 Heap Max Capacity: 1G
 Pre-touch: Disabled
 Parallel Workers: 8
Heap:
 PSYoungGen      total 23040K, used 18152K [0x00000000eab00000, 0x00000000eca80000, 0x0000000100000000)
  eden space 22016K, 77% used [0x00000000eab00000,0x00000000ebbbc498,0x00000000ec080000)
  from space 1024K, 99% used [0x00000000ec080000,0x00000000ec17de68,0x00000000ec180000)
  to   space 5120K, 0% used [0x00000000ec580000,0x00000000ec580000,0x00000000eca80000)
 ParOldGen       total 68608K, used 34518K [0x00000000c0000000, 0x00000000c4300000, 0x00000000eab00000)
  object space 68608K, 50% used [0x00000000c0000000,0x00000000c21b5948,0x00000000c4300000)
 Metaspace       used 49827K, committed 50752K, reserved 1114112K
  class space    used 5007K, committed 5440K, reserved 1048576K
GC Heap History (20 events):
Event: 20.411 GC heap before
{Heap before GC invocations=16 (full 2):
 PSYoungGen      total 24064K, used 23904K [0x00000000eab00000, 0x00000000ec680000, 0x0000000100000000)
  eden space 22016K, 100% used [0x00000000eab00000,0x00000000ec080000,0x00000000ec080000)
  from space 2048K, 92% used [0x00000000ec080000,0x00000000ec258010,0x00000000ec280000)
  to   space 3072K, 0% used [0x00000000ec380000,0x00000000ec380000,0x00000000ec680000)
 ParOldGen       total 68608K, used 18206K [0x00000000c0000000, 0x00000000c4300000, 0x00000000eab00000)
  object space 68608K, 26% used [0x00000000c0000000,0x00000000c11c7958,0x00000000c4300000)
 Metaspace       used 41799K, committed 42752K, reserved 1114112K
  class space    used 4284K, committed 4736K, reserved 1048576K
}
Event: 20.416 GC heap after
{Heap after GC invocations=16 (full 2):
 PSYoungGen      total 23040K, used 694K [0x00000000eab00000, 0x00000000ec480000, 0x0000000100000000)
  eden space 22016K, 0% used [0x00000000eab00000,0x00000000eab00000,0x00000000ec080000)
  from space 1024K, 67% used [0x00000000ec380000,0x00000000ec42dbf0,0x00000000ec480000)
  to   space 1536K, 0% used [0x00000000ec180000,0x00000000ec180000,0x00000000ec300000)
 ParOldGen       total 68608K, used 19944K [0x00000000c0000000, 0x00000000c4300000, 0x00000000eab00000)
  object space 68608K, 29% used [0x00000000c0000000,0x00000000c137a2c8,0x00000000c4300000)
 Metaspace       used 41799K, committed 42752K, reserved 1114112K
  class space    used 4284K, committed 4736K, reserved 1048576K
}
Event: 21.321 GC heap before
{Heap before GC invocations=17 (full 2):
 PSYoungGen      total 23040K, used 22710K [0x00000000eab00000, 0x00000000ec480000, 0x0000000100000000)
  eden space 22016K, 100% used [0x00000000eab00000,0x00000000ec080000,0x00000000ec080000)
  from space 1024K, 67% used [0x00000000ec380000,0x00000000ec42dbf0,0x00000000ec480000)
  to   space 1536K, 0% used [0x00000000ec180000,0x00000000ec180000,0x00000000ec300000)
 ParOldGen       total 68608K, used 19944K [0x00000000c0000000, 0x00000000c4300000, 0x00000000eab00000)
  object space 68608K, 29% used [0x00000000c0000000,0x00000000c137a2c8,0x00000000c4300000)
 Metaspace       used 43646K, committed 44608K, reserved 1114112K
  class space    used 4463K, committed 4928K, reserved 1048576K
}
Event: 21.323 GC heap after
{Heap after GC invocations=17 (full 2):
 PSYoungGen      total 23552K, used 672K [0x00000000eab00000, 0x00000000ec400000, 0x0000000100000000)
  eden space 22016K, 0% used [0x00000000eab00000,0x00000000eab00000,0x00000000ec080000)
  from space 1536K, 43% used [0x00000000ec180000,0x00000000ec228010,0x00000000ec300000)
  to   space 1024K, 0% used [0x00000000ec300000,0x00000000ec300000,0x00000000ec400000)
 ParOldGen       total 68608K, used 20507K [0x00000000c0000000, 0x00000000c4300000, 0x00000000eab00000)
  object space 68608K, 29% used [0x00000000c0000000,0x00000000c1406f10,0x00000000c4300000)
 Metaspace       used 43646K, committed 44608K, reserved 1114112K
  class space    used 4463K, committed 4928K, reserved 1048576K
}
Event: 22.151 GC heap before
{Heap before GC invocations=18 (full 2):
 PSYoungGen      total 23552K, used 22688K [0x00000000eab00000, 0x00000000ec400000, 0x0000000100000000)
  eden space 22016K, 100% used [0x00000000eab00000,0x00000000ec080000,0x00000000ec080000)
  from space 1536K, 43% used [0x00000000ec180000,0x00000000ec228010,0x00000000ec300000)
  to   space 1024K, 0% used [0x00000000ec300000,0x00000000ec300000,0x00000000ec400000)
 ParOldGen       total 68608K, used 20507K [0x00000000c0000000, 0x00000000c4300000, 0x00000000eab00000)
  object space 68608K, 29% used [0x00000000c0000000,0x00000000c1406f10,0x00000000c4300000)
 Metaspace       used 44823K, committed 45760K, reserved 1114112K
  class space    used 4555K, committed 4992K, reserved 1048576K
}
Event: 22.158 GC heap after
{Heap after GC invocations=18 (full 2):
 PSYoungGen      total 23040K, used 1024K [0x00000000eab00000, 0x00000000ec580000, 0x0000000100000000)
  eden space 22016K, 0% used [0x00000000eab00000,0x00000000eab00000,0x00000000ec080000)
  from space 1024K, 100% used [0x00000000ec300000,0x00000000ec400000,0x00000000ec400000)
  to   space 2560K, 0% used [0x00000000ec080000,0x00000000ec080000,0x00000000ec300000)
 ParOldGen       total 68608K, used 21478K [0x00000000c0000000, 0x00000000c4300000, 0x00000000eab00000)
  object space 68608K, 31% used [0x00000000c0000000,0x00000000c14f99a0,0x00000000c4300000)
 Metaspace       used 44823K, committed 45760K, reserved 1114112K
  class space    used 4555K, committed 4992K, reserved 1048576K
}
Event: 22.270 GC heap before
{Heap before GC invocations=19 (full 2):
 PSYoungGen      total 23040K, used 23040K [0x00000000eab00000, 0x00000000ec580000, 0x0000000100000000)
  eden space 22016K, 100% used [0x00000000eab00000,0x00000000ec080000,0x00000000ec080000)
  from space 1024K, 100% used [0x00000000ec300000,0x00000000ec400000,0x00000000ec400000)
  to   space 2560K, 0% used [0x00000000ec080000,0x00000000ec080000,0x00000000ec300000)
 ParOldGen       total 68608K, used 21478K [0x00000000c0000000, 0x00000000c4300000, 0x00000000eab00000)
  object space 68608K, 31% used [0x00000000c0000000,0x00000000c14f99a0,0x00000000c4300000)
 Metaspace       used 44824K, committed 45760K, reserved 1114112K
  class space    used 4555K, committed 4992K, reserved 1048576K
}
Event: 22.277 GC heap after
{Heap after GC invocations=19 (full 2):
 PSYoungGen      total 24576K, used 2436K [0x00000000eab00000, 0x00000000ec680000, 0x0000000100000000)
  eden space 22016K, 0% used [0x00000000eab00000,0x00000000eab00000,0x00000000ec080000)
  from space 2560K, 95% used [0x00000000ec080000,0x00000000ec2e1000,0x00000000ec300000)
  to   space 3072K, 0% used [0x00000000ec380000,0x00000000ec380000,0x00000000ec680000)
 ParOldGen       total 68608K, used 22529K [0x00000000c0000000, 0x00000000c4300000, 0x00000000eab00000)
  object space 68608K, 32% used [0x00000000c0000000,0x00000000c1600600,0x00000000c4300000)
 Metaspace       used 44824K, committed 45760K, reserved 1114112K
  class space    used 4555K, committed 4992K, reserved 1048576K
}
Event: 22.351 GC heap before
{Heap before GC invocations=20 (full 2):
 PSYoungGen      total 24576K, used 24452K [0x00000000eab00000, 0x00000000ec680000, 0x0000000100000000)
  eden space 22016K, 100% used [0x00000000eab00000,0x00000000ec080000,0x00000000ec080000)
  from space 2560K, 95% used [0x00000000ec080000,0x00000000ec2e1000,0x00000000ec300000)
  to   space 3072K, 0% used [0x00000000ec380000,0x00000000ec380000,0x00000000ec680000)
 ParOldGen       total 68608K, used 22529K [0x00000000c0000000, 0x00000000c4300000, 0x00000000eab00000)
  object space 68608K, 32% used [0x00000000c0000000,0x00000000c1600600,0x00000000c4300000)
 Metaspace       used 44824K, committed 45760K, reserved 1114112K
  class space    used 4555K, committed 4992K, reserved 1048576K
}
Event: 22.359 GC heap after
{Heap after GC invocations=20 (full 2):
 PSYoungGen      total 24576K, used 2240K [0x00000000eab00000, 0x00000000ec600000, 0x0000000100000000)
  eden space 22016K, 0% used [0x00000000eab00000,0x00000000eab00000,0x00000000ec080000)
  from space 2560K, 87% used [0x00000000ec380000,0x00000000ec5b0010,0x00000000ec600000)
  to   space 2560K, 0% used [0x00000000ec080000,0x00000000ec080000,0x00000000ec300000)
 ParOldGen       total 68608K, used 24829K [0x00000000c0000000, 0x00000000c4300000, 0x00000000eab00000)
  object space 68608K, 36% used [0x00000000c0000000,0x00000000c183f600,0x00000000c4300000)
 Metaspace       used 44824K, committed 45760K, reserved 1114112K
  class space    used 4555K, committed 4992K, reserved 1048576K
}
Event: 22.491 GC heap before
{Heap before GC invocations=21 (full 2):
 PSYoungGen      total 24576K, used 24256K [0x00000000eab00000, 0x00000000ec600000, 0x0000000100000000)
  eden space 22016K, 100% used [0x00000000eab00000,0x00000000ec080000,0x00000000ec080000)
  from space 2560K, 87% used [0x00000000ec380000,0x00000000ec5b0010,0x00000000ec600000)
  to   space 2560K, 0% used [0x00000000ec080000,0x00000000ec080000,0x00000000ec300000)
 ParOldGen       total 68608K, used 24829K [0x00000000c0000000, 0x00000000c4300000, 0x00000000eab00000)
  object space 68608K, 36% used [0x00000000c0000000,0x00000000c183f600,0x00000000c4300000)
 Metaspace       used 44906K, committed 45824K, reserved 1114112K
  class space    used 4559K, committed 4992K, reserved 1048576K
}
Event: 22.496 GC heap after
{Heap after GC invocations=21 (full 2):
 PSYoungGen      total 24576K, used 2136K [0x00000000eab00000, 0x00000000ec580000, 0x0000000100000000)
  eden space 22016K, 0% used [0x00000000eab00000,0x00000000eab00000,0x00000000ec080000)
  from space 2560K, 83% used [0x00000000ec080000,0x00000000ec296200,0x00000000ec300000)
  to   space 2560K, 0% used [0x00000000ec300000,0x00000000ec300000,0x00000000ec580000)
 ParOldGen       total 68608K, used 26981K [0x00000000c0000000, 0x00000000c4300000, 0x00000000eab00000)
  object space 68608K, 39% used [0x00000000c0000000,0x00000000c1a59610,0x00000000c4300000)
 Metaspace       used 44906K, committed 45824K, reserved 1114112K
  class space    used 4559K, committed 4992K, reserved 1048576K
}
Event: 23.368 GC heap before
{Heap before GC invocations=22 (full 2):
 PSYoungGen      total 24576K, used 24152K [0x00000000eab00000, 0x00000000ec580000, 0x0000000100000000)
  eden space 22016K, 100% used [0x00000000eab00000,0x00000000ec080000,0x00000000ec080000)
  from space 2560K, 83% used [0x00000000ec080000,0x00000000ec296200,0x00000000ec300000)
  to   space 2560K, 0% used [0x00000000ec300000,0x00000000ec300000,0x00000000ec580000)
 ParOldGen       total 68608K, used 26981K [0x00000000c0000000, 0x00000000c4300000, 0x00000000eab00000)
  object space 68608K, 39% used [0x00000000c0000000,0x00000000c1a59610,0x00000000c4300000)
 Metaspace       used 46489K, committed 47424K, reserved 1114112K
  class space    used 4725K, committed 5184K, reserved 1048576K
}
Event: 23.375 GC heap after
{Heap after GC invocations=22 (full 2):
 PSYoungGen      total 24576K, used 2446K [0x00000000eab00000, 0x00000000ec580000, 0x0000000100000000)
  eden space 22016K, 0% used [0x00000000eab00000,0x00000000eab00000,0x00000000ec080000)
  from space 2560K, 95% used [0x00000000ec300000,0x00000000ec563bf0,0x00000000ec580000)
  to   space 2560K, 0% used [0x00000000ec080000,0x00000000ec080000,0x00000000ec300000)
 ParOldGen       total 68608K, used 29022K [0x00000000c0000000, 0x00000000c4300000, 0x00000000eab00000)
  object space 68608K, 42% used [0x00000000c0000000,0x00000000c1c57810,0x00000000c4300000)
 Metaspace       used 46489K, committed 47424K, reserved 1114112K
  class space    used 4725K, committed 5184K, reserved 1048576K
}
Event: 23.691 GC heap before
{Heap before GC invocations=23 (full 2):
 PSYoungGen      total 24576K, used 24462K [0x00000000eab00000, 0x00000000ec580000, 0x0000000100000000)
  eden space 22016K, 100% used [0x00000000eab00000,0x00000000ec080000,0x00000000ec080000)
  from space 2560K, 95% used [0x00000000ec300000,0x00000000ec563bf0,0x00000000ec580000)
  to   space 2560K, 0% used [0x00000000ec080000,0x00000000ec080000,0x00000000ec300000)
 ParOldGen       total 68608K, used 29022K [0x00000000c0000000, 0x00000000c4300000, 0x00000000eab00000)
  object space 68608K, 42% used [0x00000000c0000000,0x00000000c1c57810,0x00000000c4300000)
 Metaspace       used 46570K, committed 47488K, reserved 1114112K
  class space    used 4726K, committed 5184K, reserved 1048576K
}
Event: 23.698 GC heap after
{Heap after GC invocations=23 (full 2):
 PSYoungGen      total 23040K, used 869K [0x00000000eab00000, 0x00000000ec380000, 0x0000000100000000)
  eden space 22016K, 0% used [0x00000000eab00000,0x00000000eab00000,0x00000000ec080000)
  from space 1024K, 84% used [0x00000000ec080000,0x00000000ec159448,0x00000000ec180000)
  to   space 1536K, 0% used [0x00000000ec200000,0x00000000ec200000,0x00000000ec380000)
 ParOldGen       total 68608K, used 31013K [0x00000000c0000000, 0x00000000c4300000, 0x00000000eab00000)
  object space 68608K, 45% used [0x00000000c0000000,0x00000000c1e49790,0x00000000c4300000)
 Metaspace       used 46570K, committed 47488K, reserved 1114112K
  class space    used 4726K, committed 5184K, reserved 1048576K
}
Event: 39.399 GC heap before
{Heap before GC invocations=24 (full 2):
 PSYoungGen      total 23040K, used 22885K [0x00000000eab00000, 0x00000000ec380000, 0x0000000100000000)
  eden space 22016K, 100% used [0x00000000eab00000,0x00000000ec080000,0x00000000ec080000)
  from space 1024K, 84% used [0x00000000ec080000,0x00000000ec159448,0x00000000ec180000)
  to   space 1536K, 0% used [0x00000000ec200000,0x00000000ec200000,0x00000000ec380000)
 ParOldGen       total 68608K, used 31013K [0x00000000c0000000, 0x00000000c4300000, 0x00000000eab00000)
  object space 68608K, 45% used [0x00000000c0000000,0x00000000c1e49790,0x00000000c4300000)
 Metaspace       used 48565K, committed 49536K, reserved 1114112K
  class space    used 4908K, committed 5376K, reserved 1048576K
}
Event: 39.403 GC heap after
{Heap after GC invocations=24 (full 2):
 PSYoungGen      total 23040K, used 537K [0x00000000eab00000, 0x00000000ec300000, 0x0000000100000000)
  eden space 22016K, 0% used [0x00000000eab00000,0x00000000eab00000,0x00000000ec080000)
  from space 1024K, 52% used [0x00000000ec200000,0x00000000ec286490,0x00000000ec300000)
  to   space 1024K, 0% used [0x00000000ec080000,0x00000000ec080000,0x00000000ec180000)
 ParOldGen       total 68608K, used 31186K [0x00000000c0000000, 0x00000000c4300000, 0x00000000eab00000)
  object space 68608K, 45% used [0x00000000c0000000,0x00000000c1e74b90,0x00000000c4300000)
 Metaspace       used 48565K, committed 49536K, reserved 1114112K
  class space    used 4908K, committed 5376K, reserved 1048576K
}
Event: 63.042 GC heap before
{Heap before GC invocations=25 (full 2):
 PSYoungGen      total 23040K, used 22546K [0x00000000eab00000, 0x00000000ec300000, 0x0000000100000000)
  eden space 22016K, 99% used [0x00000000eab00000,0x00000000ec07e3c8,0x00000000ec080000)
  from space 1024K, 52% used [0x00000000ec200000,0x00000000ec286490,0x00000000ec300000)
  to   space 1024K, 0% used [0x00000000ec080000,0x00000000ec080000,0x00000000ec180000)
 ParOldGen       total 68608K, used 31186K [0x00000000c0000000, 0x00000000c4300000, 0x00000000eab00000)
  object space 68608K, 45% used [0x00000000c0000000,0x00000000c1e74b90,0x00000000c4300000)
 Metaspace       used 49237K, committed 50176K, reserved 1114112K
  class space    used 4972K, committed 5440K, reserved 1048576K
}
Event: 63.051 GC heap after
{Heap after GC invocations=25 (full 2):
 PSYoungGen      total 23040K, used 1015K [0x00000000eab00000, 0x00000000eca80000, 0x0000000100000000)
  eden space 22016K, 0% used [0x00000000eab00000,0x00000000eab00000,0x00000000ec080000)
  from space 1024K, 99% used [0x00000000ec080000,0x00000000ec17de68,0x00000000ec180000)
  to   space 5120K, 0% used [0x00000000ec580000,0x00000000ec580000,0x00000000eca80000)
 ParOldGen       total 68608K, used 34518K [0x00000000c0000000, 0x00000000c4300000, 0x00000000eab00000)
  object space 68608K, 50% used [0x00000000c0000000,0x00000000c21b5948,0x00000000c4300000)
 Metaspace       used 49237K, committed 50176K, reserved 1114112K
  class space    used 4972K, committed 5440K, reserved 1048576K
}

