# JRE version: OpenJDK Runtime Environment Temurin-17.0.13+11 (17.0.13+11) (build 17.0.13+11)
# Java VM: OpenJDK 64-Bit Server VM Temurin-17.0.13+11 (17.0.13+11, mixed mode, tiered, compressed oops, compressed class ptrs, parallel gc, windows-amd64)
GC Precious Log:
 CPUs: 8 total, 8 available
 Memory: 7812M
 Large Page Support: Disabled
 NUMA Support: Disabled
 Compressed Oops: Enabled (32-bit)
 Alignments: Space 512K, Generation 512K, Heap 2M
 Heap Min Capacity: 100M
 Heap Initial Capacity: 100M
 Heap Max Capacity: 1G
 Pre-touch: Disabled
 Parallel Workers: 8
Heap:
 PSYoungGen      total 18944K, used 9080K [0x00000000eab00000, 0x00000000ec100000, 0x0000000100000000)
  eden space 15872K, 37% used [0x00000000eab00000,0x00000000eb0e32c8,0x00000000eba80000)
  from space 3072K, 99% used [0x00000000ebe00000,0x00000000ec0fafa8,0x00000000ec100000)
  to   space 1536K, 0% used [0x00000000eba80000,0x00000000eba80000,0x00000000ebc00000)
 ParOldGen       total 97792K, used 72161K [0x00000000c0000000, 0x00000000c5f80000, 0x00000000eab00000)
  object space 97792K, 73% used [0x00000000c0000000,0x00000000c46787e0,0x00000000c5f80000)
 Metaspace       used 64116K, committed 65344K, reserved 1114112K
  class space    used 6837K, committed 7424K, reserved 1048576K
GC Heap History (20 events):
Event: 65.986 GC heap before
{Heap before GC invocations=39 (full 3):
 PSYoungGen      total 18944K, used 18916K [0x00000000eab00000, 0x00000000ec600000, 0x0000000100000000)
  eden space 16384K, 100% used [0x00000000eab00000,0x00000000ebb00000,0x00000000ebb00000)
  from space 2560K, 98% used [0x00000000ebb80000,0x00000000ebdf9130,0x00000000ebe00000)
  to   space 5632K, 0% used [0x00000000ec080000,0x00000000ec080000,0x00000000ec600000)
 ParOldGen       total 68608K, used 47519K [0x00000000c0000000, 0x00000000c4300000, 0x00000000eab00000)
  object space 68608K, 69% used [0x00000000c0000000,0x00000000c2e67c50,0x00000000c4300000)
 Metaspace       used 59197K, committed 60352K, reserved 1114112K
  class space    used 6367K, committed 6912K, reserved 1048576K
}
Event: 65.991 GC heap after
{Heap after GC invocations=39 (full 3):
 PSYoungGen      total 19968K, used 3239K [0x00000000eab00000, 0x00000000ec400000, 0x0000000100000000)
  eden space 16384K, 0% used [0x00000000eab00000,0x00000000eab00000,0x00000000ebb00000)
  from space 3584K, 90% used [0x00000000ec080000,0x00000000ec3a9c68,0x00000000ec400000)
  to   space 4096K, 0% used [0x00000000ebc00000,0x00000000ebc00000,0x00000000ec000000)
 ParOldGen       total 68608K, used 49985K [0x00000000c0000000, 0x00000000c4300000, 0x00000000eab00000)
  object space 68608K, 72% used [0x00000000c0000000,0x00000000c30d0628,0x00000000c4300000)
 Metaspace       used 59197K, committed 60352K, reserved 1114112K
  class space    used 6367K, committed 6912K, reserved 1048576K
}
Event: 66.218 GC heap before
{Heap before GC invocations=40 (full 3):
 PSYoungGen      total 19968K, used 19623K [0x00000000eab00000, 0x00000000ec400000, 0x0000000100000000)
  eden space 16384K, 100% used [0x00000000eab00000,0x00000000ebb00000,0x00000000ebb00000)
  from space 3584K, 90% used [0x00000000ec080000,0x00000000ec3a9c68,0x00000000ec400000)
  to   space 4096K, 0% used [0x00000000ebc00000,0x00000000ebc00000,0x00000000ec000000)
 ParOldGen       total 68608K, used 49985K [0x00000000c0000000, 0x00000000c4300000, 0x00000000eab00000)
  object space 68608K, 72% used [0x00000000c0000000,0x00000000c30d0628,0x00000000c4300000)
 Metaspace       used 59404K, committed 60544K, reserved 1114112K
  class space    used 6391K, committed 6912K, reserved 1048576K
}
Event: 66.227 GC heap after
{Heap after GC invocations=40 (full 3):
 PSYoungGen      total 19456K, used 2810K [0x00000000eab00000, 0x00000000ec200000, 0x0000000100000000)
  eden space 16384K, 0% used [0x00000000eab00000,0x00000000eab00000,0x00000000ebb00000)
  from space 3072K, 91% used [0x00000000ebc00000,0x00000000ebebe848,0x00000000ebf00000)
  to   space 3072K, 0% used [0x00000000ebf00000,0x00000000ebf00000,0x00000000ec200000)
 ParOldGen       total 68608K, used 53070K [0x00000000c0000000, 0x00000000c4300000, 0x00000000eab00000)
  object space 68608K, 77% used [0x00000000c0000000,0x00000000c33d3a20,0x00000000c4300000)
 Metaspace       used 59404K, committed 60544K, reserved 1114112K
  class space    used 6391K, committed 6912K, reserved 1048576K
}
Event: 66.514 GC heap before
{Heap before GC invocations=41 (full 3):
 PSYoungGen      total 19456K, used 19194K [0x00000000eab00000, 0x00000000ec200000, 0x0000000100000000)
  eden space 16384K, 100% used [0x00000000eab00000,0x00000000ebb00000,0x00000000ebb00000)
  from space 3072K, 91% used [0x00000000ebc00000,0x00000000ebebe848,0x00000000ebf00000)
  to   space 3072K, 0% used [0x00000000ebf00000,0x00000000ebf00000,0x00000000ec200000)
 ParOldGen       total 68608K, used 53070K [0x00000000c0000000, 0x00000000c4300000, 0x00000000eab00000)
  object space 68608K, 77% used [0x00000000c0000000,0x00000000c33d3a20,0x00000000c4300000)
 Metaspace       used 59649K, committed 60864K, reserved 1114112K
  class space    used 6421K, committed 6976K, reserved 1048576K
}
Event: 66.521 GC heap after
{Heap after GC invocations=41 (full 3):
 PSYoungGen      total 19456K, used 2871K [0x00000000eab00000, 0x00000000ec200000, 0x0000000100000000)
  eden space 16384K, 0% used [0x00000000eab00000,0x00000000eab00000,0x00000000ebb00000)
  from space 3072K, 93% used [0x00000000ebf00000,0x00000000ec1cddc0,0x00000000ec200000)
  to   space 3072K, 0% used [0x00000000ebc00000,0x00000000ebc00000,0x00000000ebf00000)
 ParOldGen       total 68608K, used 55650K [0x00000000c0000000, 0x00000000c4300000, 0x00000000eab00000)
  object space 68608K, 81% used [0x00000000c0000000,0x00000000c3658830,0x00000000c4300000)
 Metaspace       used 59649K, committed 60864K, reserved 1114112K
  class space    used 6421K, committed 6976K, reserved 1048576K
}
Event: 66.757 GC heap before
{Heap before GC invocations=42 (full 3):
 PSYoungGen      total 19456K, used 19255K [0x00000000eab00000, 0x00000000ec200000, 0x0000000100000000)
  eden space 16384K, 100% used [0x00000000eab00000,0x00000000ebb00000,0x00000000ebb00000)
  from space 3072K, 93% used [0x00000000ebf00000,0x00000000ec1cddc0,0x00000000ec200000)
  to   space 3072K, 0% used [0x00000000ebc00000,0x00000000ebc00000,0x00000000ebf00000)
 ParOldGen       total 68608K, used 55650K [0x00000000c0000000, 0x00000000c4300000, 0x00000000eab00000)
  object space 68608K, 81% used [0x00000000c0000000,0x00000000c3658830,0x00000000c4300000)
 Metaspace       used 60250K, committed 61504K, reserved 1114112K
  class space    used 6468K, committed 7040K, reserved 1048576K
}
Event: 66.764 GC heap after
{Heap after GC invocations=42 (full 3):
 PSYoungGen      total 19456K, used 3048K [0x00000000eab00000, 0x00000000ec800000, 0x0000000100000000)
  eden space 16384K, 0% used [0x00000000eab00000,0x00000000eab00000,0x00000000ebb00000)
  from space 3072K, 99% used [0x00000000ebc00000,0x00000000ebefa1b8,0x00000000ebf00000)
  to   space 6656K, 0% used [0x00000000ec180000,0x00000000ec180000,0x00000000ec800000)
 ParOldGen       total 68608K, used 58359K [0x00000000c0000000, 0x00000000c4300000, 0x00000000eab00000)
  object space 68608K, 85% used [0x00000000c0000000,0x00000000c38fdfa0,0x00000000c4300000)
 Metaspace       used 60250K, committed 61504K, reserved 1114112K
  class space    used 6468K, committed 7040K, reserved 1048576K
}
Event: 67.032 GC heap before
{Heap before GC invocations=43 (full 3):
 PSYoungGen      total 19456K, used 19432K [0x00000000eab00000, 0x00000000ec800000, 0x0000000100000000)
  eden space 16384K, 100% used [0x00000000eab00000,0x00000000ebb00000,0x00000000ebb00000)
  from space 3072K, 99% used [0x00000000ebc00000,0x00000000ebefa1b8,0x00000000ebf00000)
  to   space 6656K, 0% used [0x00000000ec180000,0x00000000ec180000,0x00000000ec800000)
 ParOldGen       total 68608K, used 58359K [0x00000000c0000000, 0x00000000c4300000, 0x00000000eab00000)
  object space 68608K, 85% used [0x00000000c0000000,0x00000000c38fdfa0,0x00000000c4300000)
 Metaspace       used 60757K, committed 62016K, reserved 1114112K
  class space    used 6512K, committed 7104K, reserved 1048576K
}
Event: 67.040 GC heap after
{Heap after GC invocations=43 (full 3):
 PSYoungGen      total 19968K, used 3136K [0x00000000eab00000, 0x00000000ec500000, 0x0000000100000000)
  eden space 16384K, 0% used [0x00000000eab00000,0x00000000eab00000,0x00000000ebb00000)
  from space 3584K, 87% used [0x00000000ec180000,0x00000000ec4901c0,0x00000000ec500000)
  to   space 4096K, 0% used [0x00000000ebd00000,0x00000000ebd00000,0x00000000ec100000)
 ParOldGen       total 68608K, used 61221K [0x00000000c0000000, 0x00000000c4300000, 0x00000000eab00000)
  object space 68608K, 89% used [0x00000000c0000000,0x00000000c3bc9450,0x00000000c4300000)
 Metaspace       used 60757K, committed 62016K, reserved 1114112K
  class space    used 6512K, committed 7104K, reserved 1048576K
}
Event: 67.327 GC heap before
{Heap before GC invocations=44 (full 3):
 PSYoungGen      total 19968K, used 19520K [0x00000000eab00000, 0x00000000ec500000, 0x0000000100000000)
  eden space 16384K, 100% used [0x00000000eab00000,0x00000000ebb00000,0x00000000ebb00000)
  from space 3584K, 87% used [0x00000000ec180000,0x00000000ec4901c0,0x00000000ec500000)
  to   space 4096K, 0% used [0x00000000ebd00000,0x00000000ebd00000,0x00000000ec100000)
 ParOldGen       total 68608K, used 61221K [0x00000000c0000000, 0x00000000c4300000, 0x00000000eab00000)
  object space 68608K, 89% used [0x00000000c0000000,0x00000000c3bc9450,0x00000000c4300000)
 Metaspace       used 61282K, committed 62528K, reserved 1114112K
  class space    used 6573K, committed 7168K, reserved 1048576K
}
Event: 67.335 GC heap after
{Heap after GC invocations=44 (full 3):
 PSYoungGen      total 19968K, used 3215K [0x00000000eab00000, 0x00000000ec200000, 0x0000000100000000)
  eden space 16384K, 0% used [0x00000000eab00000,0x00000000eab00000,0x00000000ebb00000)
  from space 3584K, 89% used [0x00000000ebd00000,0x00000000ec023ee0,0x00000000ec080000)
  to   space 1536K, 0% used [0x00000000ec080000,0x00000000ec080000,0x00000000ec200000)
 ParOldGen       total 68608K, used 64183K [0x00000000c0000000, 0x00000000c4300000, 0x00000000eab00000)
  object space 68608K, 93% used [0x00000000c0000000,0x00000000c3eadf30,0x00000000c4300000)
 Metaspace       used 61282K, committed 62528K, reserved 1114112K
  class space    used 6573K, committed 7168K, reserved 1048576K
}
Event: 67.789 GC heap before
{Heap before GC invocations=45 (full 3):
 PSYoungGen      total 19968K, used 19599K [0x00000000eab00000, 0x00000000ec200000, 0x0000000100000000)
  eden space 16384K, 99% used [0x00000000eab00000,0x00000000ebaffe10,0x00000000ebb00000)
  from space 3584K, 89% used [0x00000000ebd00000,0x00000000ec023ee0,0x00000000ec080000)
  to   space 1536K, 0% used [0x00000000ec080000,0x00000000ec080000,0x00000000ec200000)
 ParOldGen       total 68608K, used 64183K [0x00000000c0000000, 0x00000000c4300000, 0x00000000eab00000)
  object space 68608K, 93% used [0x00000000c0000000,0x00000000c3eadf30,0x00000000c4300000)
 Metaspace       used 62361K, committed 63616K, reserved 1114112K
  class space    used 6681K, committed 7296K, reserved 1048576K
}
Event: 67.801 GC heap after
{Heap after GC invocations=45 (full 3):
 PSYoungGen      total 17408K, used 1525K [0x00000000eab00000, 0x00000000ec700000, 0x0000000100000000)
  eden space 15872K, 0% used [0x00000000eab00000,0x00000000eab00000,0x00000000eba80000)
  from space 1536K, 99% used [0x00000000ec080000,0x00000000ec1fd618,0x00000000ec200000)
  to   space 6144K, 0% used [0x00000000eba80000,0x00000000eba80000,0x00000000ec080000)
 ParOldGen       total 68608K, used 67960K [0x00000000c0000000, 0x00000000c4300000, 0x00000000eab00000)
  object space 68608K, 99% used [0x00000000c0000000,0x00000000c425e3f8,0x00000000c4300000)
 Metaspace       used 62361K, committed 63616K, reserved 1114112K
  class space    used 6681K, committed 7296K, reserved 1048576K
}
Event: 68.643 GC heap before
{Heap before GC invocations=46 (full 4):
 PSYoungGen      total 17408K, used 17397K [0x00000000eab00000, 0x00000000ec700000, 0x0000000100000000)
  eden space 15872K, 100% used [0x00000000eab00000,0x00000000eba80000,0x00000000eba80000)
  from space 1536K, 99% used [0x00000000ec080000,0x00000000ec1fd618,0x00000000ec200000)
  to   space 6144K, 0% used [0x00000000eba80000,0x00000000eba80000,0x00000000ec080000)
 ParOldGen       total 68608K, used 67960K [0x00000000c0000000, 0x00000000c4300000, 0x00000000eab00000)
  object space 68608K, 99% used [0x00000000c0000000,0x00000000c425e3f8,0x00000000c4300000)
 Metaspace       used 63742K, committed 65088K, reserved 1114112K
  class space    used 6795K, committed 7424K, reserved 1048576K
}
Event: 68.828 GC heap after
{Heap after GC invocations=46 (full 4):
 PSYoungGen      total 17408K, used 923K [0x00000000eab00000, 0x00000000ec680000, 0x0000000100000000)
  eden space 15872K, 0% used [0x00000000eab00000,0x00000000eab00000,0x00000000eba80000)
  from space 1536K, 60% used [0x00000000ec080000,0x00000000ec166ed0,0x00000000ec200000)
  to   space 6144K, 0% used [0x00000000eba80000,0x00000000eba80000,0x00000000ec080000)
 ParOldGen       total 97792K, used 68489K [0x00000000c0000000, 0x00000000c5f80000, 0x00000000eab00000)
  object space 97792K, 70% used [0x00000000c0000000,0x00000000c42e25f0,0x00000000c5f80000)
 Metaspace       used 63742K, committed 65088K, reserved 1114112K
  class space    used 6795K, committed 7424K, reserved 1048576K
}
Event: 69.229 GC heap before
{Heap before GC invocations=47 (full 4):
 PSYoungGen      total 17408K, used 16795K [0x00000000eab00000, 0x00000000ec680000, 0x0000000100000000)
  eden space 15872K, 100% used [0x00000000eab00000,0x00000000eba80000,0x00000000eba80000)
  from space 1536K, 60% used [0x00000000ec080000,0x00000000ec166ed0,0x00000000ec200000)
  to   space 6144K, 0% used [0x00000000eba80000,0x00000000eba80000,0x00000000ec080000)
 ParOldGen       total 97792K, used 68489K [0x00000000c0000000, 0x00000000c5f80000, 0x00000000eab00000)
  object space 97792K, 70% used [0x00000000c0000000,0x00000000c42e25f0,0x00000000c5f80000)
 Metaspace       used 63946K, committed 65216K, reserved 1114112K
  class space    used 6818K, committed 7424K, reserved 1048576K
}
Event: 69.249 GC heap after
{Heap after GC invocations=47 (full 4):
 PSYoungGen      total 17408K, used 1508K [0x00000000eab00000, 0x00000000ec100000, 0x0000000100000000)
  eden space 15872K, 0% used [0x00000000eab00000,0x00000000eab00000,0x00000000eba80000)
  from space 1536K, 98% used [0x00000000eba80000,0x00000000ebbf9000,0x00000000ebc00000)
  to   space 3072K, 0% used [0x00000000ebe00000,0x00000000ebe00000,0x00000000ec100000)
 ParOldGen       total 97792K, used 69481K [0x00000000c0000000, 0x00000000c5f80000, 0x00000000eab00000)
  object space 97792K, 71% used [0x00000000c0000000,0x00000000c43da5d0,0x00000000c5f80000)
 Metaspace       used 63946K, committed 65216K, reserved 1114112K
  class space    used 6818K, committed 7424K, reserved 1048576K
}
Event: 69.492 GC heap before
{Heap before GC invocations=48 (full 4):
 PSYoungGen      total 17408K, used 17380K [0x00000000eab00000, 0x00000000ec100000, 0x0000000100000000)
  eden space 15872K, 100% used [0x00000000eab00000,0x00000000eba80000,0x00000000eba80000)
  from space 1536K, 98% used [0x00000000eba80000,0x00000000ebbf9000,0x00000000ebc00000)
  to   space 3072K, 0% used [0x00000000ebe00000,0x00000000ebe00000,0x00000000ec100000)
 ParOldGen       total 97792K, used 69481K [0x00000000c0000000, 0x00000000c5f80000, 0x00000000eab00000)
  object space 97792K, 71% used [0x00000000c0000000,0x00000000c43da5d0,0x00000000c5f80000)
 Metaspace       used 64052K, committed 65344K, reserved 1114112K
  class space    used 6830K, committed 7424K, reserved 1048576K
}
Event: 69.501 GC heap after
{Heap after GC invocations=48 (full 4):
 PSYoungGen      total 18944K, used 3051K [0x00000000eab00000, 0x00000000ec100000, 0x0000000100000000)
  eden space 15872K, 0% used [0x00000000eab00000,0x00000000eab00000,0x00000000eba80000)
  from space 3072K, 99% used [0x00000000ebe00000,0x00000000ec0fafa8,0x00000000ec100000)
  to   space 1536K, 0% used [0x00000000eba80000,0x00000000eba80000,0x00000000ebc00000)
 ParOldGen       total 97792K, used 72161K [0x00000000c0000000, 0x00000000c5f80000, 0x00000000eab00000)
  object space 97792K, 73% used [0x00000000c0000000,0x00000000c46787e0,0x00000000c5f80000)
 Metaspace       used 64052K, committed 65344K, reserved 1114112K
  class space    used 6830K, committed 7424K, reserved 1048576K
}

